<?xml version="1.0" encoding="UTF-8"?>
<testng-results skipped="0" failed="0" total="1" passed="1">
  <reporter-output>
  </reporter-output>
  <suite name="BDD Test Suite" duration-ms="31182" started-at="2019-06-11T12:15:51Z" finished-at="2019-06-11T12:16:22Z">
    <groups>
      <group name="cucumber">
        <method signature="TestRunner.OpenBrowser(cucumber.api.testng.CucumberFeatureWrapper)[pri:0, instance:com.CucumberFramwork.testRunner.TestRunner@3b81a1bc]" name="OpenBrowser" class="com.CucumberFramwork.testRunner.TestRunner"/>
      </group> <!-- cucumber -->
    </groups>
    <test name="Login Test" duration-ms="31182" started-at="2019-06-11T12:15:51Z" finished-at="2019-06-11T12:16:22Z">
      <class name="com.CucumberFramwork.testRunner.TestRunner">
        <test-method status="PASS" signature="setUpClass()[pri:0, instance:com.CucumberFramwork.testRunner.TestRunner@3b81a1bc]" name="setUpClass" is-config="true" duration-ms="148" started-at="2019-06-11T17:45:51Z" finished-at="2019-06-11T17:45:51Z">
          <reporter-output>
          </reporter-output>
        </test-method> <!-- setUpClass -->
        <test-method status="PASS" signature="OpenBrowser(cucumber.api.testng.CucumberFeatureWrapper)[pri:0, instance:com.CucumberFramwork.testRunner.TestRunner@3b81a1bc]" name="OpenBrowser" duration-ms="30976" started-at="2019-06-11T17:45:51Z" description="Runs cucumber Featurs" data-provider="features" finished-at="2019-06-11T17:46:22Z">
          <params>
            <param index="0">
              <value>
                <![CDATA[Sign In]]>
              </value>
            </param>
          </params>
          <reporter-output>
          </reporter-output>
        </test-method> <!-- OpenBrowser -->
        <test-method status="PASS" signature="tearDownClass()[pri:0, instance:com.CucumberFramwork.testRunner.TestRunner@3b81a1bc]" name="tearDownClass" is-config="true" duration-ms="0" started-at="2019-06-11T17:46:22Z" finished-at="2019-06-11T17:46:22Z">
          <reporter-output>
          </reporter-output>
        </test-method> <!-- tearDownClass -->
      </class> <!-- com.CucumberFramwork.testRunner.TestRunner -->
    </test> <!-- Login Test -->
  </suite> <!-- BDD Test Suite -->
</testng-results>
