<?xml version="1.0" encoding="UTF-8"?>
<testng-results skipped="0" failed="0" total="1" passed="1">
  <reporter-output>
  </reporter-output>
  <suite name="BDD Test Suite" duration-ms="26628" started-at="2019-10-08T05:57:25Z" finished-at="2019-10-08T05:57:52Z">
    <groups>
      <group name="cucumber">
        <method signature="TestRunner.OpenBrowser(cucumber.api.testng.CucumberFeatureWrapper)[pri:0, instance:com.CucumberFramwork.testRunner.TestRunner@6a41eaa2]" name="OpenBrowser" class="com.CucumberFramwork.testRunner.TestRunner"/>
      </group> <!-- cucumber -->
    </groups>
    <test name="Login Test" duration-ms="26628" started-at="2019-10-08T05:57:25Z" finished-at="2019-10-08T05:57:52Z">
      <class name="com.CucumberFramwork.testRunner.TestRunner">
        <test-method status="PASS" signature="setUpClass()[pri:0, instance:com.CucumberFramwork.testRunner.TestRunner@6a41eaa2]" name="setUpClass" is-config="true" duration-ms="123" started-at="2019-10-08T11:27:25Z" finished-at="2019-10-08T11:27:25Z">
          <reporter-output>
          </reporter-output>
        </test-method> <!-- setUpClass -->
        <test-method status="PASS" signature="OpenBrowser(cucumber.api.testng.CucumberFeatureWrapper)[pri:0, instance:com.CucumberFramwork.testRunner.TestRunner@6a41eaa2]" name="OpenBrowser" duration-ms="26455" started-at="2019-10-08T11:27:25Z" description="Runs cucumber Featurs" data-provider="features" finished-at="2019-10-08T11:27:52Z">
          <params>
            <param index="0">
              <value>
                <![CDATA[Sign In]]>
              </value>
            </param>
          </params>
          <reporter-output>
          </reporter-output>
        </test-method> <!-- OpenBrowser -->
        <test-method status="PASS" signature="tearDownClass()[pri:0, instance:com.CucumberFramwork.testRunner.TestRunner@6a41eaa2]" name="tearDownClass" is-config="true" duration-ms="0" started-at="2019-10-08T11:27:52Z" finished-at="2019-10-08T11:27:52Z">
          <reporter-output>
          </reporter-output>
        </test-method> <!-- tearDownClass -->
      </class> <!-- com.CucumberFramwork.testRunner.TestRunner -->
    </test> <!-- Login Test -->
  </suite> <!-- BDD Test Suite -->
</testng-results>
